<?xml version="1.0" encoding="UTF-8"?>
<testng-results skipped="0" failed="0" ignored="0" total="2" passed="2">
  <reporter-output>
  </reporter-output>
  <suite name="nopCommerce" duration-ms="29063" started-at="2020-11-21T01:04:07Z" finished-at="2020-11-21T01:04:36Z">
    <groups>
    </groups>
    <test name="TC_LoginTest_001" duration-ms="12261" started-at="2020-11-21T01:04:07Z" finished-at="2020-11-21T01:04:19Z">
      <class name="com.nopcommerce.testCases.TC_LoginTest_001">
        <test-method status="PASS" signature="setup(java.lang.String)[pri:0, instance:com.nopcommerce.testCases.TC_LoginTest_001@4fb61f4a]" name="setup" is-config="true" duration-ms="6790" started-at="2020-11-21T01:04:07Z" finished-at="2020-11-21T01:04:13Z">
          <params>
            <param index="0">
              <value>
                <![CDATA[chrome]]>
              </value>
            </param>
          </params>
          <reporter-output>
          </reporter-output>
        </test-method> <!-- setup -->
        <test-method status="PASS" signature="loginTest()[pri:0, instance:com.nopcommerce.testCases.TC_LoginTest_001@4fb61f4a]" name="loginTest" duration-ms="4730" started-at="2020-11-21T01:04:13Z" finished-at="2020-11-21T01:04:18Z">
          <reporter-output>
          </reporter-output>
        </test-method> <!-- loginTest -->
        <test-method status="PASS" signature="tearDown()[pri:0, instance:com.nopcommerce.testCases.TC_LoginTest_001@4fb61f4a]" name="tearDown" is-config="true" duration-ms="635" started-at="2020-11-21T01:04:18Z" finished-at="2020-11-21T01:04:19Z">
          <reporter-output>
          </reporter-output>
        </test-method> <!-- tearDown -->
      </class> <!-- com.nopcommerce.testCases.TC_LoginTest_001 -->
    </test> <!-- TC_LoginTest_001 -->
    <test name="TC_AddCustomerTest_003" duration-ms="29063" started-at="2020-11-21T01:04:07Z" finished-at="2020-11-21T01:04:36Z">
      <class name="com.nopcommerce.testCases.TC_AddCustomerTest_003">
        <test-method status="PASS" signature="setup(java.lang.String)[pri:0, instance:com.nopcommerce.testCases.TC_AddCustomerTest_003@478190fc]" name="setup" is-config="true" duration-ms="6790" started-at="2020-11-21T01:04:07Z" finished-at="2020-11-21T01:04:13Z">
          <params>
            <param index="0">
              <value>
                <![CDATA[chrome]]>
              </value>
            </param>
          </params>
          <reporter-output>
          </reporter-output>
        </test-method> <!-- setup -->
        <test-method status="PASS" signature="addNewCustomer()[pri:0, instance:com.nopcommerce.testCases.TC_AddCustomerTest_003@478190fc]" name="addNewCustomer" duration-ms="21552" started-at="2020-11-21T01:04:13Z" finished-at="2020-11-21T01:04:35Z">
          <reporter-output>
          </reporter-output>
        </test-method> <!-- addNewCustomer -->
        <test-method status="PASS" signature="tearDown()[pri:0, instance:com.nopcommerce.testCases.TC_AddCustomerTest_003@478190fc]" name="tearDown" is-config="true" duration-ms="624" started-at="2020-11-21T01:04:35Z" finished-at="2020-11-21T01:04:36Z">
          <reporter-output>
          </reporter-output>
        </test-method> <!-- tearDown -->
      </class> <!-- com.nopcommerce.testCases.TC_AddCustomerTest_003 -->
    </test> <!-- TC_AddCustomerTest_003 -->
  </suite> <!-- nopCommerce -->
</testng-results>
